<?xml version="1.0" encoding="UTF-8"?>
<testng-results skipped="0" failed="1" ignored="0" total="1" passed="0">
  <reporter-output>
  </reporter-output>
  <suite name="com.interactions.automation.interactions.AssignmentTaskAPITest" duration-ms="8394" started-at="2021-01-05T06:52:39Z" finished-at="2021-01-05T06:52:47Z">
    <groups>
      <group name="Assignment">
        <method signature="AssignmentTaskAPITest.testComplexParsingJsonResponse()[pri:3, instance:com.interactions.automation.interactions.AssignmentTaskAPITest@7946e1f4]" name="testComplexParsingJsonResponse" class="com.interactions.automation.interactions.AssignmentTaskAPITest"/>
      </group> <!-- Assignment -->
      <group name="regression">
        <method signature="AssignmentTaskAPITest.testComplexParsingJsonResponse()[pri:3, instance:com.interactions.automation.interactions.AssignmentTaskAPITest@7946e1f4]" name="testComplexParsingJsonResponse" class="com.interactions.automation.interactions.AssignmentTaskAPITest"/>
      </group> <!-- regression -->
    </groups>
    <test name="Command line test" duration-ms="8394" started-at="2021-01-05T06:52:39Z" finished-at="2021-01-05T06:52:47Z">
      <class name="com.interactions.automation.interactions.AssignmentTaskAPITest">
        <test-method status="PASS" signature="preSetUp(java.lang.String)[pri:0, instance:com.interactions.automation.interactions.AssignmentTaskAPITest@7946e1f4]" name="preSetUp" is-config="true" duration-ms="9" started-at="2021-01-05T06:52:39Z" finished-at="2021-01-05T06:52:39Z">
          <params>
            <param index="0">
              <value is-null="true"/>
            </param>
          </params>
          <reporter-output>
          </reporter-output>
        </test-method> <!-- preSetUp -->
        <test-method status="FAIL" signature="testComplexParsingJsonResponse()[pri:3, instance:com.interactions.automation.interactions.AssignmentTaskAPITest@7946e1f4]" name="testComplexParsingJsonResponse" duration-ms="8362" started-at="2021-01-05T06:52:39Z" description="AssignmentTest" finished-at="2021-01-05T06:52:47Z">
          <exception class="java.lang.IllegalArgumentException">
            <message>
              <![CDATA[No signature of method: java.util.HashMap.list() is applicable for argument types: (java.lang.Integer) values: [0]
Possible solutions: is(java.lang.Object), wait(), size(), size(), sort(), find()]]>
            </message>
            <full-stacktrace>
              <![CDATA[java.lang.IllegalArgumentException: No signature of method: java.util.HashMap.list() is applicable for argument types: (java.lang.Integer) values: [0]
Possible solutions: is(java.lang.Object), wait(), size(), size(), sort(), find()
at sun.reflect.NativeConstructorAccessorImpl.newInstance0(Native Method)
at sun.reflect.NativeConstructorAccessorImpl.newInstance(NativeConstructorAccessorImpl.java:62)
at sun.reflect.DelegatingConstructorAccessorImpl.newInstance(DelegatingConstructorAccessorImpl.java:45)
at java.lang.reflect.Constructor.newInstance(Constructor.java:423)
at org.codehaus.groovy.reflection.CachedConstructor.invoke(CachedConstructor.java:80)
at org.codehaus.groovy.runtime.callsite.ConstructorSite$ConstructorSiteNoUnwrapNoCoerce.callConstructor(ConstructorSite.java:105)
at org.codehaus.groovy.runtime.callsite.CallSiteArray.defaultCallConstructor(CallSiteArray.java:60)
at org.codehaus.groovy.runtime.callsite.AbstractCallSite.callConstructor(AbstractCallSite.java:235)
at org.codehaus.groovy.runtime.callsite.AbstractCallSite.callConstructor(AbstractCallSite.java:255)
at com.jayway.restassured.internal.path.json.JSONAssertion.getAsJsonObject(JSONAssertion.groovy:53)
at com.jayway.restassured.internal.path.json.JSONAssertion$getAsJsonObject.callCurrent(Unknown Source)
at com.jayway.restassured.internal.path.json.JSONAssertion.getResult(JSONAssertion.groovy:28)
at com.jayway.restassured.path.json.JsonPath.get(JsonPath.java:202)
at com.jayway.restassured.path.json.JsonPath.getDouble(JsonPath.java:315)
at com.interactions.automation.interactions.AssignmentTaskAPITest.testComplexParsingJsonResponse(AssignmentTaskAPITest.java:72)
at sun.reflect.NativeMethodAccessorImpl.invoke0(Native Method)
at sun.reflect.NativeMethodAccessorImpl.invoke(NativeMethodAccessorImpl.java:62)
at sun.reflect.DelegatingMethodAccessorImpl.invoke(DelegatingMethodAccessorImpl.java:43)
at java.lang.reflect.Method.invoke(Method.java:498)
at org.testng.internal.MethodInvocationHelper.invokeMethod(MethodInvocationHelper.java:124)
at org.testng.internal.Invoker.invokeMethod(Invoker.java:583)
at org.testng.internal.Invoker.invokeTestMethod(Invoker.java:719)
at org.testng.internal.Invoker.invokeTestMethods(Invoker.java:989)
at org.testng.internal.TestMethodWorker.invokeTestMethods(TestMethodWorker.java:125)
at org.testng.internal.TestMethodWorker.run(TestMethodWorker.java:109)
at org.testng.TestRunner.privateRun(TestRunner.java:648)
at org.testng.TestRunner.run(TestRunner.java:505)
at org.testng.SuiteRunner.runTest(SuiteRunner.java:455)
at org.testng.SuiteRunner.runSequentially(SuiteRunner.java:450)
at org.testng.SuiteRunner.privateRun(SuiteRunner.java:415)
at org.testng.SuiteRunner.run(SuiteRunner.java:364)
at org.testng.SuiteRunnerWorker.runSuite(SuiteRunnerWorker.java:52)
at org.testng.SuiteRunnerWorker.run(SuiteRunnerWorker.java:84)
at org.testng.TestNG.runSuitesSequentially(TestNG.java:1208)
at org.testng.TestNG.runSuitesLocally(TestNG.java:1137)
at org.testng.TestNG.runSuites(TestNG.java:1049)
at org.testng.TestNG.run(TestNG.java:1017)
at org.apache.maven.surefire.testng.TestNGExecutor.run(TestNGExecutor.java:77)
at org.apache.maven.surefire.testng.TestNGDirectoryTestSuite.execute(TestNGDirectoryTestSuite.java:110)
at org.apache.maven.surefire.testng.TestNGProvider.invoke(TestNGProvider.java:106)
at sun.reflect.NativeMethodAccessorImpl.invoke0(Native Method)
at sun.reflect.NativeMethodAccessorImpl.invoke(NativeMethodAccessorImpl.java:62)
at sun.reflect.DelegatingMethodAccessorImpl.invoke(DelegatingMethodAccessorImpl.java:43)
at java.lang.reflect.Method.invoke(Method.java:498)
at org.apache.maven.surefire.util.ReflectionUtils.invokeMethodWithArray(ReflectionUtils.java:189)
at org.apache.maven.surefire.booter.ProviderFactory$ProviderProxy.invoke(ProviderFactory.java:165)
at org.apache.maven.surefire.booter.ProviderFactory.invokeProvider(ProviderFactory.java:85)
at org.apache.maven.surefire.booter.ForkedBooter.runSuitesInProcess(ForkedBooter.java:115)
at org.apache.maven.surefire.booter.ForkedBooter.main(ForkedBooter.java:75)
Caused by: groovy.lang.MissingMethodException: No signature of method: java.util.HashMap.list() is applicable for argument types: (java.lang.Integer) values: [0]
Possible solutions: is(java.lang.Object), wait(), size(), size(), sort(), find()
at org.codehaus.groovy.runtime.ScriptBytecodeAdapter.unwrap(ScriptBytecodeAdapter.java:58)
at org.codehaus.groovy.runtime.callsite.PojoMetaClassSite.call(PojoMetaClassSite.java:49)
at org.codehaus.groovy.runtime.callsite.CallSiteArray.defaultCall(CallSiteArray.java:48)
at org.codehaus.groovy.runtime.callsite.AbstractCallSite.call(AbstractCallSite.java:113)
at org.codehaus.groovy.runtime.callsite.AbstractCallSite.call(AbstractCallSite.java:125)
at Script1.run(Script1.groovy:1)
at groovy.lang.GroovyShell.evaluate(GroovyShell.java:591)
at groovy.lang.GroovyShell.evaluate(GroovyShell.java:629)
at groovy.lang.GroovyShell.evaluate(GroovyShell.java:600)
at sun.reflect.NativeMethodAccessorImpl.invoke0(Native Method)
at sun.reflect.NativeMethodAccessorImpl.invoke(NativeMethodAccessorImpl.java:62)
at sun.reflect.DelegatingMethodAccessorImpl.invoke(DelegatingMethodAccessorImpl.java:43)
at java.lang.reflect.Method.invoke(Method.java:498)
at org.codehaus.groovy.runtime.callsite.PogoMetaMethodSite$PogoCachedMethodSiteNoUnwrap.invoke(PogoMetaMethodSite.java:190)
at org.codehaus.groovy.runtime.callsite.PogoMetaMethodSite.call(PogoMetaMethodSite.java:71)
at org.codehaus.groovy.runtime.callsite.AbstractCallSite.call(AbstractCallSite.java:125)
at com.jayway.restassured.internal.path.json.JSONAssertion.eval(JSONAssertion.groovy:76)
at sun.reflect.NativeMethodAccessorImpl.invoke0(Native Method)
at sun.reflect.NativeMethodAccessorImpl.invoke(NativeMethodAccessorImpl.java:62)
at sun.reflect.DelegatingMethodAccessorImpl.invoke(DelegatingMethodAccessorImpl.java:43)
at java.lang.reflect.Method.invoke(Method.java:498)
at org.codehaus.groovy.runtime.callsite.PogoMetaMethodSite$PogoCachedMethodSiteNoUnwrapNoCoerce.invoke(PogoMetaMethodSite.java:210)
at org.codehaus.groovy.runtime.callsite.PogoMetaMethodSite.callCurrent(PogoMetaMethodSite.java:59)
at org.codehaus.groovy.runtime.callsite.AbstractCallSite.callCurrent(AbstractCallSite.java:182)
at com.jayway.restassured.internal.path.json.JSONAssertion.getAsJsonObject(JSONAssertion.groovy:46)
... 39 more
]]>
            </full-stacktrace>
          </exception> <!-- java.lang.IllegalArgumentException -->
          <reporter-output>
          </reporter-output>
        </test-method> <!-- testComplexParsingJsonResponse -->
      </class> <!-- com.interactions.automation.interactions.AssignmentTaskAPITest -->
    </test> <!-- Command line test -->
  </suite> <!-- com.interactions.automation.interactions.AssignmentTaskAPITest -->
</testng-results>
